#! /usr/bin/vvp
:ivl_version "11.0 (stable)";
:ivl_delay_selection "TYPICAL";
:vpi_time_precision + 0;
:vpi_module "/usr/lib/x86_64-linux-gnu/ivl/system.vpi";
:vpi_module "/usr/lib/x86_64-linux-gnu/ivl/vhdl_sys.vpi";
:vpi_module "/usr/lib/x86_64-linux-gnu/ivl/vhdl_textio.vpi";
:vpi_module "/usr/lib/x86_64-linux-gnu/ivl/v2005_math.vpi";
:vpi_module "/usr/lib/x86_64-linux-gnu/ivl/va_math.vpi";
S_0x5744dbc0e5a0 .scope module, "tb_apb" "tb_apb" 2 1;
 .timescale 0 0;
v0x5744dbc2e9c0_0 .net "data", 3 0, v0x5744dbbfb910_0;  1 drivers
v0x5744dbc2eaa0_0 .var "paddr", 3 0;
v0x5744dbc2eb40_0 .var "pclk", 0 0;
v0x5744dbc2ebe0_0 .var "penable", 0 0;
v0x5744dbc2ec80_0 .var "prdata0", 3 0;
v0x5744dbc2ed20_0 .var "prdata1", 3 0;
v0x5744dbc2edf0_0 .var "prdata2", 3 0;
v0x5744dbc2eec0_0 .net "pready", 0 0, v0x5744dbc2e440_0;  1 drivers
v0x5744dbc2ef90_0 .var "presetn", 0 0;
v0x5744dbc2f060_0 .var "psel", 1 0;
v0x5744dbc2f130_0 .var "pwdata", 3 0;
v0x5744dbc2f200_0 .var "pwrite", 0 0;
E_0x5744dbbcf480 .event posedge, v0x5744dbbfc270_0;
S_0x5744dbbfdca0 .scope module, "uut" "apb" 2 14, 3 1 0, S_0x5744dbc0e5a0;
 .timescale 0 0;
    .port_info 0 /INPUT 1 "pclk";
    .port_info 1 /INPUT 1 "presetn";
    .port_info 2 /INPUT 2 "psel";
    .port_info 3 /INPUT 1 "pwrite";
    .port_info 4 /INPUT 1 "penable";
    .port_info 5 /INPUT 4 "pwdata";
    .port_info 6 /INPUT 4 "paddr";
    .port_info 7 /INPUT 4 "prdata0";
    .port_info 8 /INPUT 4 "prdata1";
    .port_info 9 /INPUT 4 "prdata2";
    .port_info 10 /OUTPUT 4 "data";
    .port_info 11 /OUTPUT 1 "pready";
v0x5744dbbfb910_0 .var "data", 3 0;
v0x5744dbbfbf20_0 .net "paddr", 3 0, v0x5744dbc2eaa0_0;  1 drivers
v0x5744dbbfc270_0 .net "pclk", 0 0, v0x5744dbc2eb40_0;  1 drivers
v0x5744dbbfc680_0 .net "penable", 0 0, v0x5744dbc2ebe0_0;  1 drivers
v0x5744dbbfc9d0_0 .net "prdata0", 3 0, v0x5744dbc2ec80_0;  1 drivers
v0x5744dbbfcfe0_0 .net "prdata1", 3 0, v0x5744dbc2ed20_0;  1 drivers
v0x5744dbbfd330_0 .net "prdata2", 3 0, v0x5744dbc2edf0_0;  1 drivers
v0x5744dbc2e440_0 .var "pready", 0 0;
v0x5744dbc2e500_0 .net "presetn", 0 0, v0x5744dbc2ef90_0;  1 drivers
v0x5744dbc2e5c0_0 .net "psel", 1 0, v0x5744dbc2f060_0;  1 drivers
v0x5744dbc2e6a0_0 .net "pwdata", 3 0, v0x5744dbc2f130_0;  1 drivers
v0x5744dbc2e780_0 .net "pwrite", 0 0, v0x5744dbc2f200_0;  1 drivers
E_0x5744dbc082b0/0 .event negedge, v0x5744dbc2e500_0;
E_0x5744dbc082b0/1 .event posedge, v0x5744dbbfc270_0;
E_0x5744dbc082b0 .event/or E_0x5744dbc082b0/0, E_0x5744dbc082b0/1;
    .scope S_0x5744dbbfdca0;
T_0 ;
    %wait E_0x5744dbc082b0;
    %load/vec4 v0x5744dbc2e500_0;
    %nor/r;
    %flag_set/vec4 8;
    %jmp/0xz  T_0.0, 8;
    %pushi/vec4 0, 0, 4;
    %assign/vec4 v0x5744dbbfb910_0, 0;
    %pushi/vec4 0, 0, 1;
    %assign/vec4 v0x5744dbc2e440_0, 0;
    %jmp T_0.1;
T_0.0 ;
    %load/vec4 v0x5744dbc2e5c0_0;
    %or/r;
    %load/vec4 v0x5744dbbfc680_0;
    %nor/r;
    %and;
    %flag_set/vec4 8;
    %jmp/0xz  T_0.2, 8;
    %pushi/vec4 0, 0, 1;
    %assign/vec4 v0x5744dbc2e440_0, 0;
    %jmp T_0.3;
T_0.2 ;
    %load/vec4 v0x5744dbc2e5c0_0;
    %or/r;
    %load/vec4 v0x5744dbbfc680_0;
    %and;
    %flag_set/vec4 8;
    %jmp/0xz  T_0.4, 8;
    %load/vec4 v0x5744dbc2e5c0_0;
    %dup/vec4;
    %pushi/vec4 0, 0, 2;
    %cmp/u;
    %jmp/1 T_0.6, 6;
    %dup/vec4;
    %pushi/vec4 1, 0, 2;
    %cmp/u;
    %jmp/1 T_0.7, 6;
    %dup/vec4;
    %pushi/vec4 2, 0, 2;
    %cmp/u;
    %jmp/1 T_0.8, 6;
    %dup/vec4;
    %pushi/vec4 3, 0, 2;
    %cmp/u;
    %jmp/1 T_0.9, 6;
    %pushi/vec4 0, 0, 4;
    %assign/vec4 v0x5744dbbfb910_0, 0;
    %jmp T_0.11;
T_0.6 ;
    %load/vec4 v0x5744dbc2e780_0;
    %flag_set/vec4 8;
    %jmp/0xz  T_0.12, 8;
    %load/vec4 v0x5744dbc2e6a0_0;
    %assign/vec4 v0x5744dbbfb910_0, 0;
    %jmp T_0.13;
T_0.12 ;
    %load/vec4 v0x5744dbbfc9d0_0;
    %assign/vec4 v0x5744dbbfb910_0, 0;
T_0.13 ;
    %jmp T_0.11;
T_0.7 ;
    %load/vec4 v0x5744dbc2e780_0;
    %flag_set/vec4 8;
    %jmp/0xz  T_0.14, 8;
    %load/vec4 v0x5744dbc2e6a0_0;
    %assign/vec4 v0x5744dbbfb910_0, 0;
    %jmp T_0.15;
T_0.14 ;
    %load/vec4 v0x5744dbbfcfe0_0;
    %assign/vec4 v0x5744dbbfb910_0, 0;
T_0.15 ;
    %jmp T_0.11;
T_0.8 ;
    %load/vec4 v0x5744dbc2e780_0;
    %flag_set/vec4 8;
    %jmp/0xz  T_0.16, 8;
    %load/vec4 v0x5744dbc2e6a0_0;
    %assign/vec4 v0x5744dbbfb910_0, 0;
    %jmp T_0.17;
T_0.16 ;
    %load/vec4 v0x5744dbbfd330_0;
    %assign/vec4 v0x5744dbbfb910_0, 0;
T_0.17 ;
    %jmp T_0.11;
T_0.9 ;
    %load/vec4 v0x5744dbc2e780_0;
    %flag_set/vec4 8;
    %jmp/0xz  T_0.18, 8;
    %load/vec4 v0x5744dbc2e6a0_0;
    %assign/vec4 v0x5744dbbfb910_0, 0;
    %jmp T_0.19;
T_0.18 ;
    %load/vec4 v0x5744dbbfd330_0;
    %assign/vec4 v0x5744dbbfb910_0, 0;
T_0.19 ;
    %jmp T_0.11;
T_0.11 ;
    %pop/vec4 1;
    %pushi/vec4 1, 0, 1;
    %assign/vec4 v0x5744dbc2e440_0, 0;
    %jmp T_0.5;
T_0.4 ;
    %pushi/vec4 0, 0, 1;
    %assign/vec4 v0x5744dbc2e440_0, 0;
T_0.5 ;
T_0.3 ;
T_0.1 ;
    %jmp T_0;
    .thread T_0;
    .scope S_0x5744dbc0e5a0;
T_1 ;
    %delay 5, 0;
    %load/vec4 v0x5744dbc2eb40_0;
    %inv;
    %store/vec4 v0x5744dbc2eb40_0, 0, 1;
    %jmp T_1;
    .thread T_1;
    .scope S_0x5744dbc0e5a0;
T_2 ;
    %vpi_call 2 33 "$dumpfile", "apb.vcd" {0 0 0};
    %vpi_call 2 34 "$dumpvars", 32'sb00000000000000000000000000000000, S_0x5744dbc0e5a0 {0 0 0};
    %pushi/vec4 0, 0, 1;
    %store/vec4 v0x5744dbc2eb40_0, 0, 1;
    %pushi/vec4 0, 0, 1;
    %store/vec4 v0x5744dbc2ef90_0, 0, 1;
    %pushi/vec4 0, 0, 2;
    %store/vec4 v0x5744dbc2f060_0, 0, 2;
    %pushi/vec4 0, 0, 1;
    %store/vec4 v0x5744dbc2f200_0, 0, 1;
    %pushi/vec4 0, 0, 1;
    %store/vec4 v0x5744dbc2ebe0_0, 0, 1;
    %pushi/vec4 0, 0, 4;
    %store/vec4 v0x5744dbc2f130_0, 0, 4;
    %pushi/vec4 0, 0, 4;
    %store/vec4 v0x5744dbc2eaa0_0, 0, 4;
    %pushi/vec4 10, 0, 4;
    %store/vec4 v0x5744dbc2ec80_0, 0, 4;
    %pushi/vec4 11, 0, 4;
    %store/vec4 v0x5744dbc2ed20_0, 0, 4;
    %pushi/vec4 12, 0, 4;
    %store/vec4 v0x5744dbc2edf0_0, 0, 4;
    %delay 10, 0;
    %pushi/vec4 1, 0, 1;
    %store/vec4 v0x5744dbc2ef90_0, 0, 1;
    %wait E_0x5744dbbcf480;
    %pushi/vec4 0, 0, 2;
    %store/vec4 v0x5744dbc2f060_0, 0, 2;
    %pushi/vec4 1, 0, 1;
    %store/vec4 v0x5744dbc2f200_0, 0, 1;
    %pushi/vec4 5, 0, 4;
    %store/vec4 v0x5744dbc2f130_0, 0, 4;
    %pushi/vec4 0, 0, 1;
    %store/vec4 v0x5744dbc2ebe0_0, 0, 1;
    %wait E_0x5744dbbcf480;
    %pushi/vec4 1, 0, 1;
    %store/vec4 v0x5744dbc2ebe0_0, 0, 1;
    %wait E_0x5744dbbcf480;
    %pushi/vec4 0, 0, 1;
    %store/vec4 v0x5744dbc2f200_0, 0, 1;
    %pushi/vec4 0, 0, 1;
    %store/vec4 v0x5744dbc2ebe0_0, 0, 1;
    %wait E_0x5744dbbcf480;
    %pushi/vec4 1, 0, 1;
    %store/vec4 v0x5744dbc2ebe0_0, 0, 1;
    %wait E_0x5744dbbcf480;
    %pushi/vec4 1, 0, 2;
    %store/vec4 v0x5744dbc2f060_0, 0, 2;
    %pushi/vec4 1, 0, 1;
    %store/vec4 v0x5744dbc2f200_0, 0, 1;
    %pushi/vec4 6, 0, 4;
    %store/vec4 v0x5744dbc2f130_0, 0, 4;
    %pushi/vec4 0, 0, 1;
    %store/vec4 v0x5744dbc2ebe0_0, 0, 1;
    %wait E_0x5744dbbcf480;
    %pushi/vec4 1, 0, 1;
    %store/vec4 v0x5744dbc2ebe0_0, 0, 1;
    %wait E_0x5744dbbcf480;
    %pushi/vec4 0, 0, 1;
    %store/vec4 v0x5744dbc2f200_0, 0, 1;
    %pushi/vec4 0, 0, 1;
    %store/vec4 v0x5744dbc2ebe0_0, 0, 1;
    %wait E_0x5744dbbcf480;
    %pushi/vec4 1, 0, 1;
    %store/vec4 v0x5744dbc2ebe0_0, 0, 1;
    %wait E_0x5744dbbcf480;
    %pushi/vec4 2, 0, 2;
    %store/vec4 v0x5744dbc2f060_0, 0, 2;
    %pushi/vec4 1, 0, 1;
    %store/vec4 v0x5744dbc2f200_0, 0, 1;
    %pushi/vec4 9, 0, 4;
    %store/vec4 v0x5744dbc2f130_0, 0, 4;
    %pushi/vec4 0, 0, 1;
    %store/vec4 v0x5744dbc2ebe0_0, 0, 1;
    %wait E_0x5744dbbcf480;
    %pushi/vec4 1, 0, 1;
    %store/vec4 v0x5744dbc2ebe0_0, 0, 1;
    %wait E_0x5744dbbcf480;
    %pushi/vec4 0, 0, 1;
    %store/vec4 v0x5744dbc2f200_0, 0, 1;
    %pushi/vec4 0, 0, 1;
    %store/vec4 v0x5744dbc2ebe0_0, 0, 1;
    %wait E_0x5744dbbcf480;
    %pushi/vec4 1, 0, 1;
    %store/vec4 v0x5744dbc2ebe0_0, 0, 1;
    %wait E_0x5744dbbcf480;
    %pushi/vec4 3, 0, 2;
    %store/vec4 v0x5744dbc2f060_0, 0, 2;
    %pushi/vec4 1, 0, 1;
    %store/vec4 v0x5744dbc2f200_0, 0, 1;
    %pushi/vec4 15, 0, 4;
    %store/vec4 v0x5744dbc2f130_0, 0, 4;
    %pushi/vec4 0, 0, 1;
    %store/vec4 v0x5744dbc2ebe0_0, 0, 1;
    %wait E_0x5744dbbcf480;
    %pushi/vec4 1, 0, 1;
    %store/vec4 v0x5744dbc2ebe0_0, 0, 1;
    %wait E_0x5744dbbcf480;
    %pushi/vec4 0, 0, 1;
    %store/vec4 v0x5744dbc2f200_0, 0, 1;
    %pushi/vec4 0, 0, 1;
    %store/vec4 v0x5744dbc2ebe0_0, 0, 1;
    %wait E_0x5744dbbcf480;
    %pushi/vec4 1, 0, 1;
    %store/vec4 v0x5744dbc2ebe0_0, 0, 1;
    %delay 20, 0;
    %vpi_call 2 120 "$finish" {0 0 0};
    %end;
    .thread T_2;
# The file index is used to find the file name in the following table.
:file_names 4;
    "N/A";
    "<interactive>";
    "apb_tb.v";
    "apb.v";
